Unique bipartition number: 11
Translation of taxa:
Sbay , 1
Skud , 2
Smik , 3
Scer , 4
Spar , 5
bipartition 1 : 01011, appear times: 1
bipartition 2 : 11000, appear times: 34
bipartition 3 : 01111, appear times: 62
bipartition 4 : 00011, appear times: 100
bipartition 5 : 10111, appear times: 2
bipartition 6 : 11001, appear times: 1
bipartition 7 : 11100, appear times: 4
bipartition 8 : 11011, appear times: 12
bipartition 9 : 00111, appear times: 75
bipartition 10 : 11101, appear times: 1
bipartition 11 : 01100, appear times: 2
Successfully computed bipartition matrix.


Successfully detected communities of Covariance Matrix by the Constant Potts Model!

Using lambda+ -0.07, lambda- 0
Network has 5 nodes, 25 links, 
Value of modularity:0.982918
Number of communities: 2
Community 1 includes nodes: 1,7,
Community 2 includes nodes: 2,3,8,
Free node index:
0, 4, 5, 6, 9, 10, 
Output community results to file: /home/vestige/Documents/BrownLabJash/TreeScaperEmpiricalData/NaklehFix/Parsimony/CPM/all_trees_rooted_unweighted_Covariance_Matrix_community_manual_results.out

Successfully detected communities of Covariance Matrix by the Constant Potts Model!
