loading all parameters
unweighted rooted trees
Successfully read 106 trees from file: all_trees.nex.
Unique bipartition number: 11
Translation of taxa:
Sbay , 1
Skud , 2
Smik , 3
Scer , 4
Spar; , 5
bipartition 1 : 01011, appear times: 1
bipartition 2 : 11000, appear times: 34
bipartition 3 : 01111, appear times: 62
bipartition 4 : 00011, appear times: 100
bipartition 5 : 10111, appear times: 2
bipartition 6 : 11001, appear times: 1
bipartition 7 : 11100, appear times: 4
bipartition 8 : 11011, appear times: 12
bipartition 9 : 00111, appear times: 75
bipartition 10 : 11101, appear times: 1
bipartition 11 : 01100, appear times: 2
successfully computed bipartitation matrix.
Output bipartition matrix in list format to all_trees_unweighted_bipartition.out
successfully computed Unweighted RF-distance distance.
Successfully printed Unweighted RF-distance matrix!
Applying exponential to distance matrix to obtain affinity matrix
Succeed in computing affinity matrix
Successfully printed Affinity-URF matrix!
Using lambda+ 0.5, lambda- 1
network has 106 nodes, 11236 links, 
Value of modularity:0.315682
Number of communities: 11
Community 1 includes nodes: 1,2,3,4,5,6,7,8,9,10,11,12,13,14,15,16,17,18,19,20,21,22,23,24,25,26,27,28,29,30,31,32,33,34,35,36,37,38,39,40,41,42,43,44,45,46,47,48,49,50,51,52,53,54,55,56,57,94,95,96,100,101,
Community 2 includes nodes: 58,59,
Community 3 includes nodes: 60,61,62,63,64,65,66,67,68,69,104,
Community 4 includes nodes: 70,71,72,73,74,75,76,77,78,79,80,81,82,90,91,92,93,
Community 5 includes nodes: 84,85,105,
Community 6 includes nodes: 86,87,
Community 7 includes nodes: 89,
Community 8 includes nodes: 97,98,99,106,
Community 9 includes nodes: 88,
Community 10 includes nodes: 102,103,
Community 11 includes nodes: 83,
Output community results to file: all_trees_Affinity-URF_community_results.out
Successfully detected communities of Affinity-URF by model: CPM with high freq. bound:1, low freq. bound:0!
Lambda positive: {1: 0.5, }
Lambda negative: {1: 1, }
